[2020-11-19 15:03:54.910] [exthost] [info] extension host started
[2020-11-19 15:03:55.085] [exthost] [info] ExtensionService#_doActivateExtension redhat.java {"startup":false,"extensionId":{"value":"redhat.java","_lower":"redhat.java"},"activationEvent":"onLanguage:java"}
[2020-11-19 15:03:55.085] [exthost] [info] ExtensionService#loadCommonJSModule file:///home/ghost/.vscode-oss/extensions/redhat.java-0.70.0/dist/extension
[2020-11-19 15:03:55.172] [exthost] [info] ExtensionService#_doActivateExtension vscjava.vscode-java-debug {"startup":false,"extensionId":{"value":"vscjava.vscode-java-debug","_lower":"vscjava.vscode-java-debug"},"activationEvent":"onLanguage:java"}
[2020-11-19 15:03:55.172] [exthost] [info] ExtensionService#loadCommonJSModule file:///home/ghost/.vscode-oss/extensions/vscjava.vscode-java-debug-0.29.0/dist/extension
[2020-11-19 15:03:55.201] [exthost] [info] ExtensionService#_doActivateExtension vscode.debug-auto-launch {"startup":true,"extensionId":{"value":"vscode.debug-auto-launch","_lower":"vscode.debug-auto-launch"},"activationEvent":"*"}
[2020-11-19 15:03:55.201] [exthost] [info] ExtensionService#loadCommonJSModule file:///usr/lib/code/extensions/debug-auto-launch/dist/extension
[2020-11-19 15:03:55.203] [exthost] [info] ExtensionService#_doActivateExtension vscode.emmet {"startup":true,"extensionId":{"value":"vscode.emmet","_lower":"vscode.emmet"},"activationEvent":"*"}
[2020-11-19 15:03:55.203] [exthost] [info] ExtensionService#loadCommonJSModule file:///usr/lib/code/extensions/emmet/dist/node/emmetNodeMain
[2020-11-19 15:03:55.215] [exthost] [info] ExtensionService#_doActivateExtension vscode.git {"startup":true,"extensionId":{"value":"vscode.github","_lower":"vscode.github"},"activationEvent":"*"}
[2020-11-19 15:03:55.216] [exthost] [info] ExtensionService#loadCommonJSModule file:///usr/lib/code/extensions/git/dist/main
[2020-11-19 15:03:55.231] [exthost] [info] ExtensionService#_doActivateExtension vscode.merge-conflict {"startup":true,"extensionId":{"value":"vscode.merge-conflict","_lower":"vscode.merge-conflict"},"activationEvent":"*"}
[2020-11-19 15:03:55.231] [exthost] [info] ExtensionService#loadCommonJSModule file:///usr/lib/code/extensions/merge-conflict/dist/mergeConflictMain
[2020-11-19 15:03:55.233] [exthost] [info] ExtensionService#_doActivateExtension vscode.search-result {"startup":true,"extensionId":{"value":"vscode.search-result","_lower":"vscode.search-result"},"activationEvent":"*"}
[2020-11-19 15:03:55.233] [exthost] [info] ExtensionService#loadCommonJSModule file:///usr/lib/code/extensions/search-result/dist/extension.js
[2020-11-19 15:03:55.322] [exthost] [warning] [redhat.java] Accessing a resource scoped configuration without providing a resource is not expected. To get the effective value for '[java]', provide the URI of a resource or 'null' for any resource.
[2020-11-19 15:03:55.449] [exthost] [info] ExtensionService#_doActivateExtension vscode.github {"startup":true,"extensionId":{"value":"vscode.github","_lower":"vscode.github"},"activationEvent":"*"}
[2020-11-19 15:03:55.449] [exthost] [info] ExtensionService#loadCommonJSModule file:///usr/lib/code/extensions/github/dist/extension.js
[2020-11-19 15:03:55.474] [exthost] [info] ExtensionService#_doActivateExtension ms-vscode.js-debug {"startup":false,"extensionId":{"value":"ms-vscode.js-debug","_lower":"ms-vscode.js-debug"},"activationEvent":"onCommand:extension.js-debug.clearAutoAttachVariables"}
[2020-11-19 15:03:55.474] [exthost] [info] ExtensionService#loadCommonJSModule file:///usr/lib/code/extensions/ms-vscode.js-debug/src/extension.js
[2020-11-19 15:03:55.559] [exthost] [info] ExtensionService#_doActivateExtension vscjava.vscode-maven {"startup":true,"extensionId":{"value":"vscjava.vscode-maven","_lower":"vscjava.vscode-maven"},"activationEvent":"workspaceContains:**/pom.xml"}
[2020-11-19 15:03:55.559] [exthost] [info] ExtensionService#loadCommonJSModule file:///home/ghost/.vscode-oss/extensions/vscjava.vscode-maven-0.21.2/dist/extension
[2020-11-19 15:03:55.871] [exthost] [info] eager extensions activated
[2020-11-19 15:04:00.767] [exthost] [error] [redhat.java] provider FAILED
[2020-11-19 15:04:00.768] [exthost] [error] Error: The request (id: 1, method: 'textDocument/documentSymbol') has been cancelled
	at /home/ghost/.vscode-oss/extensions/redhat.java-0.70.0/dist/extension.js:1:76464
	at /home/ghost/.vscode-oss/extensions/redhat.java-0.70.0/dist/extension.js:1:76758
	at Immediate.<anonymous> (/home/ghost/.vscode-oss/extensions/redhat.java-0.70.0/dist/extension.js:1:77117)
	at processImmediate (internal/timers.js:439:21)
[2020-11-19 15:05:07.622] [exthost] [error] [redhat.java] provider FAILED
[2020-11-19 15:05:07.624] [exthost] [error] Error: The request (id: 14, method: 'textDocument/documentSymbol') has been cancelled
	at /home/ghost/.vscode-oss/extensions/redhat.java-0.70.0/dist/extension.js:1:76464
	at /home/ghost/.vscode-oss/extensions/redhat.java-0.70.0/dist/extension.js:1:76758
	at Immediate.<anonymous> (/home/ghost/.vscode-oss/extensions/redhat.java-0.70.0/dist/extension.js:1:77117)
	at processImmediate (internal/timers.js:439:21)
[2020-11-19 15:05:08.239] [exthost] [error] [redhat.java] provider FAILED
[2020-11-19 15:05:08.239] [exthost] [error] Error: The request (id: 16, method: 'textDocument/documentSymbol') has been cancelled
	at /home/ghost/.vscode-oss/extensions/redhat.java-0.70.0/dist/extension.js:1:76464
	at /home/ghost/.vscode-oss/extensions/redhat.java-0.70.0/dist/extension.js:1:76758
	at Immediate.<anonymous> (/home/ghost/.vscode-oss/extensions/redhat.java-0.70.0/dist/extension.js:1:77117)
	at processImmediate (internal/timers.js:439:21)
[2020-11-19 15:05:08.832] [exthost] [error] [redhat.java] provider FAILED
[2020-11-19 15:05:08.832] [exthost] [error] Error: The request (id: 18, method: 'textDocument/documentSymbol') has been cancelled
	at /home/ghost/.vscode-oss/extensions/redhat.java-0.70.0/dist/extension.js:1:76464
	at /home/ghost/.vscode-oss/extensions/redhat.java-0.70.0/dist/extension.js:1:76758
	at Immediate.<anonymous> (/home/ghost/.vscode-oss/extensions/redhat.java-0.70.0/dist/extension.js:1:77117)
	at processImmediate (internal/timers.js:439:21)
[2020-11-19 15:05:10.820] [exthost] [error] [redhat.java] provider FAILED
[2020-11-19 15:05:10.821] [exthost] [error] Error: The request (id: 26, method: 'textDocument/documentSymbol') has been cancelled
	at /home/ghost/.vscode-oss/extensions/redhat.java-0.70.0/dist/extension.js:1:76464
	at /home/ghost/.vscode-oss/extensions/redhat.java-0.70.0/dist/extension.js:1:76758
	at Immediate.<anonymous> (/home/ghost/.vscode-oss/extensions/redhat.java-0.70.0/dist/extension.js:1:77117)
	at processImmediate (internal/timers.js:439:21)
[2020-11-19 15:05:11.496] [exthost] [error] [redhat.java] provider FAILED
[2020-11-19 15:05:11.498] [exthost] [error] Error: selectionRange must be contained in fullRange
	at Function.validate (/usr/lib/code/out/vs/workbench/services/extensions/node/extensionHostProcess.js:525:396)
	at new S (/usr/lib/code/out/vs/workbench/services/extensions/node/extensionHostProcess.js:525:264)
	at new S (/usr/lib/code/out/vs/workbench/services/extensions/node/extensionHostProcess.js:511:436)
	at R (/home/ghost/.vscode-oss/extensions/redhat.java-0.70.0/dist/extension.js:1:622923)
	at R (/home/ghost/.vscode-oss/extensions/redhat.java-0.70.0/dist/extension.js:1:623091)
	at Array.map (<anonymous>)
	at Object.asDocumentSymbols (/home/ghost/.vscode-oss/extensions/redhat.java-0.70.0/dist/extension.js:1:627282)
	at /home/ghost/.vscode-oss/extensions/redhat.java-0.70.0/dist/extension.js:7:28873
	at Generator.next (<anonymous>)
	at s (/home/ghost/.vscode-oss/extensions/redhat.java-0.70.0/dist/extension.js:7:28041)
[2020-11-19 15:05:12.861] [exthost] [error] [redhat.java] provider FAILED
[2020-11-19 15:05:12.862] [exthost] [error] Error: The request (id: 34, method: 'textDocument/documentSymbol') has been cancelled
	at /home/ghost/.vscode-oss/extensions/redhat.java-0.70.0/dist/extension.js:1:76464
	at /home/ghost/.vscode-oss/extensions/redhat.java-0.70.0/dist/extension.js:1:76758
	at Immediate.<anonymous> (/home/ghost/.vscode-oss/extensions/redhat.java-0.70.0/dist/extension.js:1:77117)
	at processImmediate (internal/timers.js:439:21)
[2020-11-19 15:05:13.855] [exthost] [error] [redhat.java] provider FAILED
[2020-11-19 15:05:13.855] [exthost] [error] Error: The request (id: 38, method: 'textDocument/documentSymbol') has been cancelled
	at /home/ghost/.vscode-oss/extensions/redhat.java-0.70.0/dist/extension.js:1:76464
	at /home/ghost/.vscode-oss/extensions/redhat.java-0.70.0/dist/extension.js:1:76758
	at Immediate.<anonymous> (/home/ghost/.vscode-oss/extensions/redhat.java-0.70.0/dist/extension.js:1:77117)
	at processImmediate (internal/timers.js:439:21)
[2020-11-19 15:05:14.346] [exthost] [error] [redhat.java] provider FAILED
[2020-11-19 15:05:14.346] [exthost] [error] Error: The request (id: 40, method: 'textDocument/documentSymbol') has been cancelled
	at /home/ghost/.vscode-oss/extensions/redhat.java-0.70.0/dist/extension.js:1:76464
	at /home/ghost/.vscode-oss/extensions/redhat.java-0.70.0/dist/extension.js:1:76758
	at Immediate.<anonymous> (/home/ghost/.vscode-oss/extensions/redhat.java-0.70.0/dist/extension.js:1:77117)
	at processImmediate (internal/timers.js:439:21)
[2020-11-19 15:05:18.333] [exthost] [error] [redhat.java] provider FAILED
[2020-11-19 15:05:18.334] [exthost] [error] Error: The request (id: 54, method: 'textDocument/documentSymbol') has been cancelled
	at /home/ghost/.vscode-oss/extensions/redhat.java-0.70.0/dist/extension.js:1:76464
	at /home/ghost/.vscode-oss/extensions/redhat.java-0.70.0/dist/extension.js:1:76758
	at Immediate.<anonymous> (/home/ghost/.vscode-oss/extensions/redhat.java-0.70.0/dist/extension.js:1:77117)
	at processImmediate (internal/timers.js:439:21)
[2020-11-19 15:06:15.328] [exthost] [info] ExtensionService#_doActivateExtension vscode.debug-server-ready {"startup":false,"extensionId":{"value":"vscode.debug-server-ready","_lower":"vscode.debug-server-ready"},"activationEvent":"onDebugResolve"}
[2020-11-19 15:06:15.328] [exthost] [info] ExtensionService#loadCommonJSModule file:///usr/lib/code/extensions/debug-server-ready/dist/extension
[2020-11-19 15:06:19.735] [exthost] [warning] [redhat.java] Accessing a resource scoped configuration without providing a resource is not expected. To get the effective value for '[java]', provide the URI of a resource or 'null' for any resource.
[2020-11-19 15:08:07.545] [exthost] [error] [redhat.java] provider FAILED
[2020-11-19 15:08:07.545] [exthost] [error] Error: The request (id: 24, method: 'textDocument/hover') has been cancelled
	at /home/ghost/.vscode-oss/extensions/redhat.java-0.70.0/dist/extension.js:1:76464
	at /home/ghost/.vscode-oss/extensions/redhat.java-0.70.0/dist/extension.js:1:76758
	at Immediate.<anonymous> (/home/ghost/.vscode-oss/extensions/redhat.java-0.70.0/dist/extension.js:1:77117)
	at processImmediate (internal/timers.js:439:21)
[2020-11-19 15:08:42.823] [exthost] [error] [redhat.java] provider FAILED
[2020-11-19 15:08:42.823] [exthost] [error] Error: The request (id: 29, method: 'textDocument/hover') has been cancelled
	at /home/ghost/.vscode-oss/extensions/redhat.java-0.70.0/dist/extension.js:1:76464
	at /home/ghost/.vscode-oss/extensions/redhat.java-0.70.0/dist/extension.js:1:76758
	at Immediate.<anonymous> (/home/ghost/.vscode-oss/extensions/redhat.java-0.70.0/dist/extension.js:1:77117)
	at processImmediate (internal/timers.js:439:21)
[2020-11-19 15:08:58.553] [exthost] [error] [redhat.java] provider FAILED
[2020-11-19 15:08:58.553] [exthost] [error] Error: The request (id: 46, method: 'textDocument/documentSymbol') has been cancelled
	at /home/ghost/.vscode-oss/extensions/redhat.java-0.70.0/dist/extension.js:1:76464
	at /home/ghost/.vscode-oss/extensions/redhat.java-0.70.0/dist/extension.js:1:76758
	at Immediate.<anonymous> (/home/ghost/.vscode-oss/extensions/redhat.java-0.70.0/dist/extension.js:1:77117)
	at processImmediate (internal/timers.js:439:21)
[2020-11-19 15:09:34.131] [exthost] [error] [redhat.java] provider FAILED
[2020-11-19 15:09:34.131] [exthost] [error] Error: The request (id: 54, method: 'textDocument/hover') has been cancelled
	at /home/ghost/.vscode-oss/extensions/redhat.java-0.70.0/dist/extension.js:1:76464
	at /home/ghost/.vscode-oss/extensions/redhat.java-0.70.0/dist/extension.js:1:76758
	at Immediate.<anonymous> (/home/ghost/.vscode-oss/extensions/redhat.java-0.70.0/dist/extension.js:1:77117)
	at processImmediate (internal/timers.js:439:21)
[2020-11-19 15:09:37.733] [exthost] [error] [redhat.java] provider FAILED
[2020-11-19 15:09:37.733] [exthost] [error] Error: The request (id: 60, method: 'textDocument/hover') has been cancelled
	at /home/ghost/.vscode-oss/extensions/redhat.java-0.70.0/dist/extension.js:1:76464
	at /home/ghost/.vscode-oss/extensions/redhat.java-0.70.0/dist/extension.js:1:76758
	at Immediate.<anonymous> (/home/ghost/.vscode-oss/extensions/redhat.java-0.70.0/dist/extension.js:1:77117)
	at processImmediate (internal/timers.js:439:21)
[2020-11-19 15:09:41.622] [exthost] [error] [redhat.java] provider FAILED
[2020-11-19 15:09:41.622] [exthost] [error] Error: The request (id: 63, method: 'textDocument/documentSymbol') has been cancelled
	at /home/ghost/.vscode-oss/extensions/redhat.java-0.70.0/dist/extension.js:1:76464
	at /home/ghost/.vscode-oss/extensions/redhat.java-0.70.0/dist/extension.js:1:76758
	at Immediate.<anonymous> (/home/ghost/.vscode-oss/extensions/redhat.java-0.70.0/dist/extension.js:1:77117)
	at processImmediate (internal/timers.js:439:21)
[2020-11-19 15:14:34.329] [exthost] [error] [redhat.java] provider FAILED
[2020-11-19 15:14:34.329] [exthost] [error] Error: busy
	at Object.<anonymous> (/home/ghost/.vscode-oss/extensions/redhat.java-0.70.0/dist/extension.js:15:122119)
	at Generator.next (<anonymous>)
	at s (/home/ghost/.vscode-oss/extensions/redhat.java-0.70.0/dist/extension.js:15:120902)
[2020-11-19 15:14:35.287] [exthost] [error] [redhat.java] provider FAILED
[2020-11-19 15:14:35.287] [exthost] [error] Error: The request (id: 121, method: 'textDocument/documentSymbol') has been cancelled
	at /home/ghost/.vscode-oss/extensions/redhat.java-0.70.0/dist/extension.js:1:76464
	at /home/ghost/.vscode-oss/extensions/redhat.java-0.70.0/dist/extension.js:1:76758
	at Immediate.<anonymous> (/home/ghost/.vscode-oss/extensions/redhat.java-0.70.0/dist/extension.js:1:77117)
	at processImmediate (internal/timers.js:439:21)
[2020-11-19 15:14:36.511] [exthost] [error] [redhat.java] provider FAILED
[2020-11-19 15:14:36.511] [exthost] [error] Error: busy
	at Object.<anonymous> (/home/ghost/.vscode-oss/extensions/redhat.java-0.70.0/dist/extension.js:15:122119)
	at Generator.next (<anonymous>)
	at s (/home/ghost/.vscode-oss/extensions/redhat.java-0.70.0/dist/extension.js:15:120902)
[2020-11-19 15:14:41.559] [exthost] [warning] redhat.java - Code actions of kind 'quickfix 'requested but returned code action is of kind 'refactor'. Code action will be dropped. Please check 'CodeActionContext.only' to only return requested code actions.
[2020-11-19 15:14:50.144] [exthost] [error] [redhat.java] provider FAILED
[2020-11-19 15:14:50.144] [exthost] [error] Error: The request (id: 145, method: 'textDocument/hover') has been cancelled
	at /home/ghost/.vscode-oss/extensions/redhat.java-0.70.0/dist/extension.js:1:76464
	at /home/ghost/.vscode-oss/extensions/redhat.java-0.70.0/dist/extension.js:1:76758
	at Immediate.<anonymous> (/home/ghost/.vscode-oss/extensions/redhat.java-0.70.0/dist/extension.js:1:77117)
	at processImmediate (internal/timers.js:439:21)
[2020-11-19 15:14:54.913] [exthost] [error] [redhat.java] provider FAILED
[2020-11-19 15:14:54.913] [exthost] [error] Error: busy
	at Object.<anonymous> (/home/ghost/.vscode-oss/extensions/redhat.java-0.70.0/dist/extension.js:15:122119)
	at Generator.next (<anonymous>)
	at s (/home/ghost/.vscode-oss/extensions/redhat.java-0.70.0/dist/extension.js:15:120902)
[2020-11-19 15:15:00.814] [exthost] [error] [redhat.java] provider FAILED
[2020-11-19 15:15:00.814] [exthost] [error] Error: The request (id: 206, method: 'textDocument/documentSymbol') has been cancelled
	at /home/ghost/.vscode-oss/extensions/redhat.java-0.70.0/dist/extension.js:1:76464
	at /home/ghost/.vscode-oss/extensions/redhat.java-0.70.0/dist/extension.js:1:76758
	at Immediate.<anonymous> (/home/ghost/.vscode-oss/extensions/redhat.java-0.70.0/dist/extension.js:1:77117)
	at processImmediate (internal/timers.js:439:21)
[2020-11-19 15:15:00.826] [exthost] [error] [redhat.java] provider FAILED
[2020-11-19 15:15:00.829] [exthost] [error] Error: busy
	at Object.<anonymous> (/home/ghost/.vscode-oss/extensions/redhat.java-0.70.0/dist/extension.js:15:122119)
	at Generator.next (<anonymous>)
	at s (/home/ghost/.vscode-oss/extensions/redhat.java-0.70.0/dist/extension.js:15:120902)
[2020-11-19 15:15:03.602] [exthost] [error] [redhat.java] provider FAILED
[2020-11-19 15:15:03.602] [exthost] [error] Error: busy
	at Object.<anonymous> (/home/ghost/.vscode-oss/extensions/redhat.java-0.70.0/dist/extension.js:15:122119)
	at Generator.next (<anonymous>)
	at s (/home/ghost/.vscode-oss/extensions/redhat.java-0.70.0/dist/extension.js:15:120902)
[2020-11-19 15:15:08.624] [exthost] [error] [redhat.java] provider FAILED
[2020-11-19 15:15:08.624] [exthost] [error] Error: The request (id: 256, method: 'textDocument/documentSymbol') has been cancelled
	at /home/ghost/.vscode-oss/extensions/redhat.java-0.70.0/dist/extension.js:1:76464
	at /home/ghost/.vscode-oss/extensions/redhat.java-0.70.0/dist/extension.js:1:76758
	at Immediate.<anonymous> (/home/ghost/.vscode-oss/extensions/redhat.java-0.70.0/dist/extension.js:1:77117)
	at processImmediate (internal/timers.js:439:21)
[2020-11-19 15:15:12.277] [exthost] [error] [redhat.java] provider FAILED
[2020-11-19 15:15:12.277] [exthost] [error] Error: busy
	at Object.<anonymous> (/home/ghost/.vscode-oss/extensions/redhat.java-0.70.0/dist/extension.js:15:122119)
	at Generator.next (<anonymous>)
	at s (/home/ghost/.vscode-oss/extensions/redhat.java-0.70.0/dist/extension.js:15:120902)
[2020-11-19 15:15:22.905] [exthost] [error] [redhat.java] provider FAILED
[2020-11-19 15:15:22.905] [exthost] [error] Error: busy
	at Object.<anonymous> (/home/ghost/.vscode-oss/extensions/redhat.java-0.70.0/dist/extension.js:15:122119)
	at Generator.next (<anonymous>)
	at s (/home/ghost/.vscode-oss/extensions/redhat.java-0.70.0/dist/extension.js:15:120902)
[2020-11-19 15:15:25.761] [exthost] [error] [redhat.java] provider FAILED
[2020-11-19 15:15:25.761] [exthost] [error] Error: busy
	at Object.<anonymous> (/home/ghost/.vscode-oss/extensions/redhat.java-0.70.0/dist/extension.js:15:122119)
	at Generator.next (<anonymous>)
	at s (/home/ghost/.vscode-oss/extensions/redhat.java-0.70.0/dist/extension.js:15:120902)
[2020-11-19 15:15:32.027] [exthost] [error] [redhat.java] provider FAILED
[2020-11-19 15:15:32.027] [exthost] [error] Error: busy
	at Object.<anonymous> (/home/ghost/.vscode-oss/extensions/redhat.java-0.70.0/dist/extension.js:15:122119)
	at Generator.next (<anonymous>)
	at s (/home/ghost/.vscode-oss/extensions/redhat.java-0.70.0/dist/extension.js:15:120902)
[2020-11-19 15:15:34.810] [exthost] [error] [redhat.java] provider FAILED
[2020-11-19 15:15:34.810] [exthost] [error] Error: busy
	at Object.<anonymous> (/home/ghost/.vscode-oss/extensions/redhat.java-0.70.0/dist/extension.js:15:122119)
	at Generator.next (<anonymous>)
	at s (/home/ghost/.vscode-oss/extensions/redhat.java-0.70.0/dist/extension.js:15:120902)
[2020-11-19 15:16:53.449] [exthost] [error] [redhat.java] provider FAILED
[2020-11-19 15:16:53.450] [exthost] [error] Error: busy
	at Object.<anonymous> (/home/ghost/.vscode-oss/extensions/redhat.java-0.70.0/dist/extension.js:15:122119)
	at Generator.next (<anonymous>)
	at s (/home/ghost/.vscode-oss/extensions/redhat.java-0.70.0/dist/extension.js:15:120902)
[2020-11-19 15:16:58.504] [exthost] [error] [redhat.java] provider FAILED
[2020-11-19 15:16:58.504] [exthost] [error] Error: The request (id: 432, method: 'textDocument/hover') has been cancelled
	at /home/ghost/.vscode-oss/extensions/redhat.java-0.70.0/dist/extension.js:1:76464
	at /home/ghost/.vscode-oss/extensions/redhat.java-0.70.0/dist/extension.js:1:76758
	at Immediate.<anonymous> (/home/ghost/.vscode-oss/extensions/redhat.java-0.70.0/dist/extension.js:1:77117)
	at processImmediate (internal/timers.js:439:21)
[2020-11-19 15:17:00.004] [exthost] [error] [redhat.java] provider FAILED
[2020-11-19 15:17:00.004] [exthost] [error] Error: The request (id: 433, method: 'textDocument/hover') has been cancelled
	at /home/ghost/.vscode-oss/extensions/redhat.java-0.70.0/dist/extension.js:1:76464
	at /home/ghost/.vscode-oss/extensions/redhat.java-0.70.0/dist/extension.js:1:76758
	at Immediate.<anonymous> (/home/ghost/.vscode-oss/extensions/redhat.java-0.70.0/dist/extension.js:1:77117)
	at processImmediate (internal/timers.js:439:21)
[2020-11-19 15:18:38.585] [exthost] [error] [redhat.java] provider FAILED
[2020-11-19 15:18:38.585] [exthost] [error] Error: busy
	at Object.<anonymous> (/home/ghost/.vscode-oss/extensions/redhat.java-0.70.0/dist/extension.js:15:122119)
	at Generator.next (<anonymous>)
	at s (/home/ghost/.vscode-oss/extensions/redhat.java-0.70.0/dist/extension.js:15:120902)
[2020-11-19 15:18:41.226] [exthost] [error] [redhat.java] provider FAILED
[2020-11-19 15:18:41.226] [exthost] [error] Error: busy
	at Object.<anonymous> (/home/ghost/.vscode-oss/extensions/redhat.java-0.70.0/dist/extension.js:15:122119)
	at Generator.next (<anonymous>)
	at s (/home/ghost/.vscode-oss/extensions/redhat.java-0.70.0/dist/extension.js:15:120902)
[2020-11-19 15:18:57.352] [exthost] [error] [redhat.java] provider FAILED
[2020-11-19 15:18:57.352] [exthost] [error] Error: busy
	at Object.<anonymous> (/home/ghost/.vscode-oss/extensions/redhat.java-0.70.0/dist/extension.js:15:122119)
	at Generator.next (<anonymous>)
	at s (/home/ghost/.vscode-oss/extensions/redhat.java-0.70.0/dist/extension.js:15:120902)
[2020-11-19 15:19:01.976] [exthost] [error] [redhat.java] provider FAILED
[2020-11-19 15:19:01.976] [exthost] [error] Error: busy
	at Object.<anonymous> (/home/ghost/.vscode-oss/extensions/redhat.java-0.70.0/dist/extension.js:15:122119)
	at Generator.next (<anonymous>)
	at s (/home/ghost/.vscode-oss/extensions/redhat.java-0.70.0/dist/extension.js:15:120902)
[2020-11-19 15:19:04.026] [exthost] [error] [redhat.java] provider FAILED
[2020-11-19 15:19:04.026] [exthost] [error] Error: The request (id: 541, method: 'textDocument/documentSymbol') has been cancelled
	at /home/ghost/.vscode-oss/extensions/redhat.java-0.70.0/dist/extension.js:1:76464
	at /home/ghost/.vscode-oss/extensions/redhat.java-0.70.0/dist/extension.js:1:76758
	at Immediate.<anonymous> (/home/ghost/.vscode-oss/extensions/redhat.java-0.70.0/dist/extension.js:1:77117)
	at processImmediate (internal/timers.js:439:21)
[2020-11-19 15:19:04.572] [exthost] [error] [redhat.java] provider FAILED
[2020-11-19 15:19:04.572] [exthost] [error] Error: busy
	at Object.<anonymous> (/home/ghost/.vscode-oss/extensions/redhat.java-0.70.0/dist/extension.js:15:122119)
	at Generator.next (<anonymous>)
	at s (/home/ghost/.vscode-oss/extensions/redhat.java-0.70.0/dist/extension.js:15:120902)
[2020-11-19 15:19:07.507] [exthost] [error] [redhat.java] provider FAILED
[2020-11-19 15:19:07.507] [exthost] [error] Error: The request (id: 561, method: 'textDocument/documentSymbol') has been cancelled
	at /home/ghost/.vscode-oss/extensions/redhat.java-0.70.0/dist/extension.js:1:76464
	at /home/ghost/.vscode-oss/extensions/redhat.java-0.70.0/dist/extension.js:1:76758
	at Immediate.<anonymous> (/home/ghost/.vscode-oss/extensions/redhat.java-0.70.0/dist/extension.js:1:77117)
	at processImmediate (internal/timers.js:439:21)
[2020-11-19 15:19:07.684] [exthost] [error] [redhat.java] provider FAILED
[2020-11-19 15:19:07.684] [exthost] [error] Error: busy
	at Object.<anonymous> (/home/ghost/.vscode-oss/extensions/redhat.java-0.70.0/dist/extension.js:15:122119)
	at Generator.next (<anonymous>)
	at s (/home/ghost/.vscode-oss/extensions/redhat.java-0.70.0/dist/extension.js:15:120902)
[2020-11-19 15:19:10.319] [exthost] [error] [redhat.java] provider FAILED
[2020-11-19 15:19:10.319] [exthost] [error] Error: The request (id: 574, method: 'textDocument/documentSymbol') has been cancelled
	at /home/ghost/.vscode-oss/extensions/redhat.java-0.70.0/dist/extension.js:1:76464
	at /home/ghost/.vscode-oss/extensions/redhat.java-0.70.0/dist/extension.js:1:76758
	at Immediate.<anonymous> (/home/ghost/.vscode-oss/extensions/redhat.java-0.70.0/dist/extension.js:1:77117)
	at processImmediate (internal/timers.js:439:21)
[2020-11-19 15:19:10.378] [exthost] [error] [redhat.java] provider FAILED
[2020-11-19 15:19:10.378] [exthost] [error] Error: busy
	at Object.<anonymous> (/home/ghost/.vscode-oss/extensions/redhat.java-0.70.0/dist/extension.js:15:122119)
	at Generator.next (<anonymous>)
	at s (/home/ghost/.vscode-oss/extensions/redhat.java-0.70.0/dist/extension.js:15:120902)
[2020-11-19 15:19:15.908] [exthost] [error] [redhat.java] provider FAILED
[2020-11-19 15:19:15.909] [exthost] [error] Error: The request (id: 597, method: 'textDocument/documentSymbol') has been cancelled
	at /home/ghost/.vscode-oss/extensions/redhat.java-0.70.0/dist/extension.js:1:76464
	at /home/ghost/.vscode-oss/extensions/redhat.java-0.70.0/dist/extension.js:1:76758
	at Immediate.<anonymous> (/home/ghost/.vscode-oss/extensions/redhat.java-0.70.0/dist/extension.js:1:77117)
	at processImmediate (internal/timers.js:439:21)
[2020-11-19 15:19:16.490] [exthost] [error] [redhat.java] provider FAILED
[2020-11-19 15:19:16.490] [exthost] [error] Error: busy
	at Object.<anonymous> (/home/ghost/.vscode-oss/extensions/redhat.java-0.70.0/dist/extension.js:15:122119)
	at Generator.next (<anonymous>)
	at s (/home/ghost/.vscode-oss/extensions/redhat.java-0.70.0/dist/extension.js:15:120902)
[2020-11-19 15:19:56.834] [exthost] [error] [redhat.java] provider FAILED
[2020-11-19 15:19:56.834] [exthost] [error] Error: The request (id: 713, method: 'textDocument/documentSymbol') has been cancelled
	at /home/ghost/.vscode-oss/extensions/redhat.java-0.70.0/dist/extension.js:1:76464
	at /home/ghost/.vscode-oss/extensions/redhat.java-0.70.0/dist/extension.js:1:76758
	at Immediate.<anonymous> (/home/ghost/.vscode-oss/extensions/redhat.java-0.70.0/dist/extension.js:1:77117)
	at processImmediate (internal/timers.js:439:21)
[2020-11-19 15:19:57.009] [exthost] [error] [redhat.java] provider FAILED
[2020-11-19 15:19:57.009] [exthost] [error] Error: busy
	at Object.<anonymous> (/home/ghost/.vscode-oss/extensions/redhat.java-0.70.0/dist/extension.js:15:122119)
	at Generator.next (<anonymous>)
	at s (/home/ghost/.vscode-oss/extensions/redhat.java-0.70.0/dist/extension.js:15:120902)
[2020-11-19 15:20:05.615] [exthost] [error] [redhat.java] provider FAILED
[2020-11-19 15:20:05.615] [exthost] [error] Error: The request (id: 744, method: 'textDocument/documentSymbol') has been cancelled
	at /home/ghost/.vscode-oss/extensions/redhat.java-0.70.0/dist/extension.js:1:76464
	at /home/ghost/.vscode-oss/extensions/redhat.java-0.70.0/dist/extension.js:1:76758
	at Immediate.<anonymous> (/home/ghost/.vscode-oss/extensions/redhat.java-0.70.0/dist/extension.js:1:77117)
	at processImmediate (internal/timers.js:439:21)
[2020-11-19 15:20:05.718] [exthost] [error] [redhat.java] provider FAILED
[2020-11-19 15:20:05.718] [exthost] [error] Error: busy
	at Object.<anonymous> (/home/ghost/.vscode-oss/extensions/redhat.java-0.70.0/dist/extension.js:15:122119)
	at Generator.next (<anonymous>)
	at s (/home/ghost/.vscode-oss/extensions/redhat.java-0.70.0/dist/extension.js:15:120902)
[2020-11-19 15:20:10.957] [exthost] [error] [redhat.java] provider FAILED
[2020-11-19 15:20:10.957] [exthost] [error] Error: busy
	at Object.<anonymous> (/home/ghost/.vscode-oss/extensions/redhat.java-0.70.0/dist/extension.js:15:122119)
	at Generator.next (<anonymous>)
	at s (/home/ghost/.vscode-oss/extensions/redhat.java-0.70.0/dist/extension.js:15:120902)
[2020-11-19 15:20:21.111] [exthost] [error] [redhat.java] provider FAILED
[2020-11-19 15:20:21.111] [exthost] [error] Error: The request (id: 810, method: 'textDocument/hover') has been cancelled
	at /home/ghost/.vscode-oss/extensions/redhat.java-0.70.0/dist/extension.js:1:76464
	at /home/ghost/.vscode-oss/extensions/redhat.java-0.70.0/dist/extension.js:1:76758
	at Immediate.<anonymous> (/home/ghost/.vscode-oss/extensions/redhat.java-0.70.0/dist/extension.js:1:77117)
	at processImmediate (internal/timers.js:439:21)
[2020-11-19 15:20:34.493] [exthost] [error] [redhat.java] provider FAILED
[2020-11-19 15:20:34.493] [exthost] [error] Error: The request (id: 838, method: 'textDocument/documentSymbol') has been cancelled
	at /home/ghost/.vscode-oss/extensions/redhat.java-0.70.0/dist/extension.js:1:76464
	at /home/ghost/.vscode-oss/extensions/redhat.java-0.70.0/dist/extension.js:1:76758
	at Immediate.<anonymous> (/home/ghost/.vscode-oss/extensions/redhat.java-0.70.0/dist/extension.js:1:77117)
	at processImmediate (internal/timers.js:439:21)
[2020-11-19 15:20:34.555] [exthost] [error] [redhat.java] provider FAILED
[2020-11-19 15:20:34.555] [exthost] [error] Error: busy
	at Object.<anonymous> (/home/ghost/.vscode-oss/extensions/redhat.java-0.70.0/dist/extension.js:15:122119)
	at Generator.next (<anonymous>)
	at s (/home/ghost/.vscode-oss/extensions/redhat.java-0.70.0/dist/extension.js:15:120902)
[2020-11-19 15:20:36.582] [exthost] [error] [redhat.java] provider FAILED
[2020-11-19 15:20:36.582] [exthost] [error] Error: The request (id: 852, method: 'textDocument/hover') has been cancelled
	at /home/ghost/.vscode-oss/extensions/redhat.java-0.70.0/dist/extension.js:1:76464
	at /home/ghost/.vscode-oss/extensions/redhat.java-0.70.0/dist/extension.js:1:76758
	at Immediate.<anonymous> (/home/ghost/.vscode-oss/extensions/redhat.java-0.70.0/dist/extension.js:1:77117)
	at processImmediate (internal/timers.js:439:21)
[2020-11-19 15:34:35.558] [exthost] [error] [redhat.java] provider FAILED
[2020-11-19 15:34:35.559] [exthost] [error] Error: The request (id: 908, method: 'textDocument/hover') has been cancelled
	at /home/ghost/.vscode-oss/extensions/redhat.java-0.70.0/dist/extension.js:1:76464
	at /home/ghost/.vscode-oss/extensions/redhat.java-0.70.0/dist/extension.js:1:76758
	at Immediate.<anonymous> (/home/ghost/.vscode-oss/extensions/redhat.java-0.70.0/dist/extension.js:1:77117)
	at processImmediate (internal/timers.js:439:21)
[2020-11-19 15:34:35.846] [exthost] [error] [redhat.java] provider FAILED
[2020-11-19 15:34:35.846] [exthost] [error] Error: The request (id: 909, method: 'textDocument/hover') has been cancelled
	at /home/ghost/.vscode-oss/extensions/redhat.java-0.70.0/dist/extension.js:1:76464
	at /home/ghost/.vscode-oss/extensions/redhat.java-0.70.0/dist/extension.js:1:76758
	at Immediate.<anonymous> (/home/ghost/.vscode-oss/extensions/redhat.java-0.70.0/dist/extension.js:1:77117)
	at processImmediate (internal/timers.js:439:21)
[2020-11-19 15:34:36.543] [exthost] [error] [redhat.java] provider FAILED
[2020-11-19 15:34:36.543] [exthost] [error] Error: The request (id: 910, method: 'textDocument/hover') has been cancelled
	at /home/ghost/.vscode-oss/extensions/redhat.java-0.70.0/dist/extension.js:1:76464
	at /home/ghost/.vscode-oss/extensions/redhat.java-0.70.0/dist/extension.js:1:76758
	at Immediate.<anonymous> (/home/ghost/.vscode-oss/extensions/redhat.java-0.70.0/dist/extension.js:1:77117)
	at processImmediate (internal/timers.js:439:21)
[2020-11-19 15:37:51.023] [exthost] [error] [redhat.java] provider FAILED
[2020-11-19 15:37:51.023] [exthost] [error] Error: The request (id: 927, method: 'textDocument/documentSymbol') has been cancelled
	at /home/ghost/.vscode-oss/extensions/redhat.java-0.70.0/dist/extension.js:1:76464
	at /home/ghost/.vscode-oss/extensions/redhat.java-0.70.0/dist/extension.js:1:76758
	at Immediate.<anonymous> (/home/ghost/.vscode-oss/extensions/redhat.java-0.70.0/dist/extension.js:1:77117)
	at processImmediate (internal/timers.js:439:21)
[2020-11-19 15:38:14.956] [exthost] [error] [redhat.java] provider FAILED
[2020-11-19 15:38:14.956] [exthost] [error] Error: The request (id: 980, method: 'textDocument/documentSymbol') has been cancelled
	at /home/ghost/.vscode-oss/extensions/redhat.java-0.70.0/dist/extension.js:1:76464
	at /home/ghost/.vscode-oss/extensions/redhat.java-0.70.0/dist/extension.js:1:76758
	at Immediate.<anonymous> (/home/ghost/.vscode-oss/extensions/redhat.java-0.70.0/dist/extension.js:1:77117)
	at processImmediate (internal/timers.js:439:21)
[2020-11-19 15:38:15.527] [exthost] [error] [redhat.java] provider FAILED
[2020-11-19 15:38:15.527] [exthost] [error] Error: busy
	at Object.<anonymous> (/home/ghost/.vscode-oss/extensions/redhat.java-0.70.0/dist/extension.js:15:122119)
	at Generator.next (<anonymous>)
	at s (/home/ghost/.vscode-oss/extensions/redhat.java-0.70.0/dist/extension.js:15:120902)
[2020-11-19 15:38:21.373] [exthost] [error] [redhat.java] provider FAILED
[2020-11-19 15:38:21.373] [exthost] [error] Error: The request (id: 1006, method: 'textDocument/documentSymbol') has been cancelled
	at /home/ghost/.vscode-oss/extensions/redhat.java-0.70.0/dist/extension.js:1:76464
	at /home/ghost/.vscode-oss/extensions/redhat.java-0.70.0/dist/extension.js:1:76758
	at Immediate.<anonymous> (/home/ghost/.vscode-oss/extensions/redhat.java-0.70.0/dist/extension.js:1:77117)
	at processImmediate (internal/timers.js:439:21)
[2020-11-19 15:38:23.996] [exthost] [error] [redhat.java] provider FAILED
[2020-11-19 15:38:23.996] [exthost] [error] Error: busy
	at Object.<anonymous> (/home/ghost/.vscode-oss/extensions/redhat.java-0.70.0/dist/extension.js:15:122119)
	at Generator.next (<anonymous>)
	at s (/home/ghost/.vscode-oss/extensions/redhat.java-0.70.0/dist/extension.js:15:120902)
[2020-11-19 15:38:27.837] [exthost] [error] [redhat.java] provider FAILED
[2020-11-19 15:38:27.837] [exthost] [error] Error: busy
	at Object.<anonymous> (/home/ghost/.vscode-oss/extensions/redhat.java-0.70.0/dist/extension.js:15:122119)
	at Generator.next (<anonymous>)
	at s (/home/ghost/.vscode-oss/extensions/redhat.java-0.70.0/dist/extension.js:15:120902)
[2020-11-19 15:38:51.614] [exthost] [error] [redhat.java] provider FAILED
[2020-11-19 15:38:51.614] [exthost] [error] Error: The request (id: 1088, method: 'textDocument/hover') has been cancelled
	at /home/ghost/.vscode-oss/extensions/redhat.java-0.70.0/dist/extension.js:1:76464
	at /home/ghost/.vscode-oss/extensions/redhat.java-0.70.0/dist/extension.js:1:76758
	at Immediate.<anonymous> (/home/ghost/.vscode-oss/extensions/redhat.java-0.70.0/dist/extension.js:1:77117)
	at processImmediate (internal/timers.js:439:21)
[2020-11-19 15:39:17.733] [exthost] [error] [redhat.java] provider FAILED
[2020-11-19 15:39:17.733] [exthost] [error] Error: The request (id: 1228, method: 'textDocument/hover') has been cancelled
	at /home/ghost/.vscode-oss/extensions/redhat.java-0.70.0/dist/extension.js:1:76464
	at /home/ghost/.vscode-oss/extensions/redhat.java-0.70.0/dist/extension.js:1:76758
	at Immediate.<anonymous> (/home/ghost/.vscode-oss/extensions/redhat.java-0.70.0/dist/extension.js:1:77117)
	at processImmediate (internal/timers.js:439:21)
[2020-11-19 15:39:22.684] [exthost] [error] [redhat.java] provider FAILED
[2020-11-19 15:39:22.685] [exthost] [error] Error: The request (id: 1235, method: 'textDocument/documentSymbol') has been cancelled
	at /home/ghost/.vscode-oss/extensions/redhat.java-0.70.0/dist/extension.js:1:76464
	at /home/ghost/.vscode-oss/extensions/redhat.java-0.70.0/dist/extension.js:1:76758
	at Immediate.<anonymous> (/home/ghost/.vscode-oss/extensions/redhat.java-0.70.0/dist/extension.js:1:77117)
	at processImmediate (internal/timers.js:439:21)
[2020-11-19 15:39:23.216] [exthost] [error] [redhat.java] provider FAILED
[2020-11-19 15:39:23.216] [exthost] [error] Error: busy
	at Object.<anonymous> (/home/ghost/.vscode-oss/extensions/redhat.java-0.70.0/dist/extension.js:15:122119)
	at Generator.next (<anonymous>)
	at s (/home/ghost/.vscode-oss/extensions/redhat.java-0.70.0/dist/extension.js:15:120902)
[2020-11-19 15:39:29.591] [exthost] [error] [redhat.java] provider FAILED
[2020-11-19 15:39:29.591] [exthost] [error] Error: The request (id: 1259, method: 'textDocument/documentSymbol') has been cancelled
	at /home/ghost/.vscode-oss/extensions/redhat.java-0.70.0/dist/extension.js:1:76464
	at /home/ghost/.vscode-oss/extensions/redhat.java-0.70.0/dist/extension.js:1:76758
	at Immediate.<anonymous> (/home/ghost/.vscode-oss/extensions/redhat.java-0.70.0/dist/extension.js:1:77117)
	at processImmediate (internal/timers.js:439:21)
[2020-11-19 15:39:30.087] [exthost] [error] [redhat.java] provider FAILED
[2020-11-19 15:39:30.087] [exthost] [error] Error: busy
	at Object.<anonymous> (/home/ghost/.vscode-oss/extensions/redhat.java-0.70.0/dist/extension.js:15:122119)
	at Generator.next (<anonymous>)
	at s (/home/ghost/.vscode-oss/extensions/redhat.java-0.70.0/dist/extension.js:15:120902)
[2020-11-19 15:39:36.553] [exthost] [error] [redhat.java] provider FAILED
[2020-11-19 15:39:36.553] [exthost] [error] Error: The request (id: 1289, method: 'textDocument/hover') has been cancelled
	at /home/ghost/.vscode-oss/extensions/redhat.java-0.70.0/dist/extension.js:1:76464
	at /home/ghost/.vscode-oss/extensions/redhat.java-0.70.0/dist/extension.js:1:76758
	at Immediate.<anonymous> (/home/ghost/.vscode-oss/extensions/redhat.java-0.70.0/dist/extension.js:1:77117)
	at processImmediate (internal/timers.js:439:21)
[2020-11-19 15:39:39.936] [exthost] [error] [redhat.java] provider FAILED
[2020-11-19 15:39:39.936] [exthost] [error] Error: The request (id: 1312, method: 'textDocument/hover') has been cancelled
	at /home/ghost/.vscode-oss/extensions/redhat.java-0.70.0/dist/extension.js:1:76464
	at /home/ghost/.vscode-oss/extensions/redhat.java-0.70.0/dist/extension.js:1:76758
	at Immediate.<anonymous> (/home/ghost/.vscode-oss/extensions/redhat.java-0.70.0/dist/extension.js:1:77117)
	at processImmediate (internal/timers.js:439:21)
[2020-11-19 15:39:41.318] [exthost] [error] [redhat.java] provider FAILED
[2020-11-19 15:39:41.319] [exthost] [error] Error: The request (id: 1331, method: 'textDocument/hover') has been cancelled
	at /home/ghost/.vscode-oss/extensions/redhat.java-0.70.0/dist/extension.js:1:76464
	at /home/ghost/.vscode-oss/extensions/redhat.java-0.70.0/dist/extension.js:1:76758
	at Immediate.<anonymous> (/home/ghost/.vscode-oss/extensions/redhat.java-0.70.0/dist/extension.js:1:77117)
	at processImmediate (internal/timers.js:439:21)
[2020-11-19 15:39:45.257] [exthost] [error] [redhat.java] provider FAILED
[2020-11-19 15:39:45.257] [exthost] [error] Error: The request (id: 1360, method: 'textDocument/hover') has been cancelled
	at /home/ghost/.vscode-oss/extensions/redhat.java-0.70.0/dist/extension.js:1:76464
	at /home/ghost/.vscode-oss/extensions/redhat.java-0.70.0/dist/extension.js:1:76758
	at Immediate.<anonymous> (/home/ghost/.vscode-oss/extensions/redhat.java-0.70.0/dist/extension.js:1:77117)
	at processImmediate (internal/timers.js:439:21)
[2020-11-19 15:41:43.337] [exthost] [error] [redhat.java] provider FAILED
[2020-11-19 15:41:43.337] [exthost] [error] Error: The request (id: 1441, method: 'textDocument/hover') has been cancelled
	at /home/ghost/.vscode-oss/extensions/redhat.java-0.70.0/dist/extension.js:1:76464
	at /home/ghost/.vscode-oss/extensions/redhat.java-0.70.0/dist/extension.js:1:76758
	at Immediate.<anonymous> (/home/ghost/.vscode-oss/extensions/redhat.java-0.70.0/dist/extension.js:1:77117)
	at processImmediate (internal/timers.js:439:21)
[2020-11-19 15:41:43.501] [exthost] [error] [redhat.java] provider FAILED
[2020-11-19 15:41:43.501] [exthost] [error] Error: The request (id: 1442, method: 'textDocument/hover') has been cancelled
	at /home/ghost/.vscode-oss/extensions/redhat.java-0.70.0/dist/extension.js:1:76464
	at /home/ghost/.vscode-oss/extensions/redhat.java-0.70.0/dist/extension.js:1:76758
	at Immediate.<anonymous> (/home/ghost/.vscode-oss/extensions/redhat.java-0.70.0/dist/extension.js:1:77117)
	at processImmediate (internal/timers.js:439:21)
[2020-11-19 15:41:45.956] [exthost] [error] [redhat.java] provider FAILED
[2020-11-19 15:41:45.956] [exthost] [error] Error: The request (id: 1453, method: 'textDocument/hover') has been cancelled
	at /home/ghost/.vscode-oss/extensions/redhat.java-0.70.0/dist/extension.js:1:76464
	at /home/ghost/.vscode-oss/extensions/redhat.java-0.70.0/dist/extension.js:1:76758
	at Immediate.<anonymous> (/home/ghost/.vscode-oss/extensions/redhat.java-0.70.0/dist/extension.js:1:77117)
	at processImmediate (internal/timers.js:439:21)
[2020-11-19 15:41:48.990] [exthost] [error] [redhat.java] provider FAILED
[2020-11-19 15:41:48.990] [exthost] [error] Error: The request (id: 1460, method: 'textDocument/hover') has been cancelled
	at /home/ghost/.vscode-oss/extensions/redhat.java-0.70.0/dist/extension.js:1:76464
	at /home/ghost/.vscode-oss/extensions/redhat.java-0.70.0/dist/extension.js:1:76758
	at Immediate.<anonymous> (/home/ghost/.vscode-oss/extensions/redhat.java-0.70.0/dist/extension.js:1:77117)
	at processImmediate (internal/timers.js:439:21)
[2020-11-19 15:41:52.203] [exthost] [error] [redhat.java] provider FAILED
[2020-11-19 15:41:52.203] [exthost] [error] Error: The request (id: 1472, method: 'textDocument/hover') has been cancelled
	at /home/ghost/.vscode-oss/extensions/redhat.java-0.70.0/dist/extension.js:1:76464
	at /home/ghost/.vscode-oss/extensions/redhat.java-0.70.0/dist/extension.js:1:76758
	at Immediate.<anonymous> (/home/ghost/.vscode-oss/extensions/redhat.java-0.70.0/dist/extension.js:1:77117)
	at processImmediate (internal/timers.js:439:21)
[2020-11-19 15:41:52.520] [exthost] [error] [redhat.java] provider FAILED
[2020-11-19 15:41:52.521] [exthost] [error] Error: The request (id: 1473, method: 'textDocument/hover') has been cancelled
	at /home/ghost/.vscode-oss/extensions/redhat.java-0.70.0/dist/extension.js:1:76464
	at /home/ghost/.vscode-oss/extensions/redhat.java-0.70.0/dist/extension.js:1:76758
	at Immediate.<anonymous> (/home/ghost/.vscode-oss/extensions/redhat.java-0.70.0/dist/extension.js:1:77117)
	at processImmediate (internal/timers.js:439:21)
[2020-11-19 15:45:11.349] [exthost] [error] [redhat.java] provider FAILED
[2020-11-19 15:45:11.349] [exthost] [error] Error: The request (id: 1520, method: 'textDocument/hover') has been cancelled
	at /home/ghost/.vscode-oss/extensions/redhat.java-0.70.0/dist/extension.js:1:76464
	at /home/ghost/.vscode-oss/extensions/redhat.java-0.70.0/dist/extension.js:1:76758
	at Immediate.<anonymous> (/home/ghost/.vscode-oss/extensions/redhat.java-0.70.0/dist/extension.js:1:77117)
	at processImmediate (internal/timers.js:439:21)
[2020-11-19 15:50:02.904] [exthost] [error] [redhat.java] provider FAILED
[2020-11-19 15:50:02.904] [exthost] [error] Error: The request (id: 1555, method: 'textDocument/hover') has been cancelled
	at /home/ghost/.vscode-oss/extensions/redhat.java-0.70.0/dist/extension.js:1:76464
	at /home/ghost/.vscode-oss/extensions/redhat.java-0.70.0/dist/extension.js:1:76758
	at Immediate.<anonymous> (/home/ghost/.vscode-oss/extensions/redhat.java-0.70.0/dist/extension.js:1:77117)
	at processImmediate (internal/timers.js:439:21)
