[2020-11-19 15:03:54.351] [renderer6] [error] Error: Unable to read file '/home/ghost/git/OhjelmistoProjekti2/RaspberryServer/src/main/java/Ohjelmistoprojekti2/raspberryServer/domain/Date.java' (Error: Unable to resolve non-existing file '/home/ghost/git/OhjelmistoProjekti2/RaspberryServer/src/main/java/Ohjelmistoprojekti2/raspberryServer/domain/Date.java')
    at Object.t.createErrorWithActions (file:///usr/lib/code/out/vs/workbench/workbench.desktop.main.js:56:307)
    at w.handleSetInputError (file:///usr/lib/code/out/vs/workbench/workbench.desktop.main.js:6258:391)
    at w.handleSetInputError (file:///usr/lib/code/out/vs/workbench/workbench.desktop.main.js:6261:52)
    at w.setInput (file:///usr/lib/code/out/vs/workbench/workbench.desktop.main.js:6258:98)
    at async p.doSetInput (file:///usr/lib/code/out/vs/workbench/workbench.desktop.main.js:4627:4)
    at async p.openEditor (file:///usr/lib/code/out/vs/workbench/workbench.desktop.main.js:4625:617)
    at async file:///usr/lib/code/out/vs/workbench/workbench.desktop.main.js:6886:617
    at async e.restoreEditors (file:///usr/lib/code/out/vs/workbench/workbench.desktop.main.js:6879:609)
[2020-11-19 15:04:00.769] [renderer6] [error] The request (id: 1, method: 'textDocument/documentSymbol') has been cancelled: Error: The request (id: 1, method: 'textDocument/documentSymbol') has been cancelled
	at /home/ghost/.vscode-oss/extensions/redhat.java-0.70.0/dist/extension.js:1:76464
	at /home/ghost/.vscode-oss/extensions/redhat.java-0.70.0/dist/extension.js:1:76758
	at Immediate.<anonymous> (/home/ghost/.vscode-oss/extensions/redhat.java-0.70.0/dist/extension.js:1:77117)
	at processImmediate (internal/timers.js:439:21)
[2020-11-19 15:05:07.625] [renderer6] [error] The request (id: 14, method: 'textDocument/documentSymbol') has been cancelled: Error: The request (id: 14, method: 'textDocument/documentSymbol') has been cancelled
	at /home/ghost/.vscode-oss/extensions/redhat.java-0.70.0/dist/extension.js:1:76464
	at /home/ghost/.vscode-oss/extensions/redhat.java-0.70.0/dist/extension.js:1:76758
	at Immediate.<anonymous> (/home/ghost/.vscode-oss/extensions/redhat.java-0.70.0/dist/extension.js:1:77117)
	at processImmediate (internal/timers.js:439:21)
[2020-11-19 15:05:08.239] [renderer6] [error] The request (id: 16, method: 'textDocument/documentSymbol') has been cancelled: Error: The request (id: 16, method: 'textDocument/documentSymbol') has been cancelled
	at /home/ghost/.vscode-oss/extensions/redhat.java-0.70.0/dist/extension.js:1:76464
	at /home/ghost/.vscode-oss/extensions/redhat.java-0.70.0/dist/extension.js:1:76758
	at Immediate.<anonymous> (/home/ghost/.vscode-oss/extensions/redhat.java-0.70.0/dist/extension.js:1:77117)
	at processImmediate (internal/timers.js:439:21)
[2020-11-19 15:05:08.839] [renderer6] [error] The request (id: 18, method: 'textDocument/documentSymbol') has been cancelled: Error: The request (id: 18, method: 'textDocument/documentSymbol') has been cancelled
	at /home/ghost/.vscode-oss/extensions/redhat.java-0.70.0/dist/extension.js:1:76464
	at /home/ghost/.vscode-oss/extensions/redhat.java-0.70.0/dist/extension.js:1:76758
	at Immediate.<anonymous> (/home/ghost/.vscode-oss/extensions/redhat.java-0.70.0/dist/extension.js:1:77117)
	at processImmediate (internal/timers.js:439:21)
[2020-11-19 15:05:10.822] [renderer6] [error] The request (id: 26, method: 'textDocument/documentSymbol') has been cancelled: Error: The request (id: 26, method: 'textDocument/documentSymbol') has been cancelled
	at /home/ghost/.vscode-oss/extensions/redhat.java-0.70.0/dist/extension.js:1:76464
	at /home/ghost/.vscode-oss/extensions/redhat.java-0.70.0/dist/extension.js:1:76758
	at Immediate.<anonymous> (/home/ghost/.vscode-oss/extensions/redhat.java-0.70.0/dist/extension.js:1:77117)
	at processImmediate (internal/timers.js:439:21)
[2020-11-19 15:05:11.499] [renderer6] [error] selectionRange must be contained in fullRange: Error: selectionRange must be contained in fullRange
	at Function.validate (/usr/lib/code/out/vs/workbench/services/extensions/node/extensionHostProcess.js:525:396)
	at new S (/usr/lib/code/out/vs/workbench/services/extensions/node/extensionHostProcess.js:525:264)
	at new S (/usr/lib/code/out/vs/workbench/services/extensions/node/extensionHostProcess.js:511:436)
	at R (/home/ghost/.vscode-oss/extensions/redhat.java-0.70.0/dist/extension.js:1:622923)
	at R (/home/ghost/.vscode-oss/extensions/redhat.java-0.70.0/dist/extension.js:1:623091)
	at Array.map (<anonymous>)
	at Object.asDocumentSymbols (/home/ghost/.vscode-oss/extensions/redhat.java-0.70.0/dist/extension.js:1:627282)
	at /home/ghost/.vscode-oss/extensions/redhat.java-0.70.0/dist/extension.js:7:28873
	at Generator.next (<anonymous>)
	at s (/home/ghost/.vscode-oss/extensions/redhat.java-0.70.0/dist/extension.js:7:28041)
[2020-11-19 15:05:12.863] [renderer6] [error] The request (id: 34, method: 'textDocument/documentSymbol') has been cancelled: Error: The request (id: 34, method: 'textDocument/documentSymbol') has been cancelled
	at /home/ghost/.vscode-oss/extensions/redhat.java-0.70.0/dist/extension.js:1:76464
	at /home/ghost/.vscode-oss/extensions/redhat.java-0.70.0/dist/extension.js:1:76758
	at Immediate.<anonymous> (/home/ghost/.vscode-oss/extensions/redhat.java-0.70.0/dist/extension.js:1:77117)
	at processImmediate (internal/timers.js:439:21)
[2020-11-19 15:05:13.857] [renderer6] [error] The request (id: 38, method: 'textDocument/documentSymbol') has been cancelled: Error: The request (id: 38, method: 'textDocument/documentSymbol') has been cancelled
	at /home/ghost/.vscode-oss/extensions/redhat.java-0.70.0/dist/extension.js:1:76464
	at /home/ghost/.vscode-oss/extensions/redhat.java-0.70.0/dist/extension.js:1:76758
	at Immediate.<anonymous> (/home/ghost/.vscode-oss/extensions/redhat.java-0.70.0/dist/extension.js:1:77117)
	at processImmediate (internal/timers.js:439:21)
[2020-11-19 15:05:14.347] [renderer6] [error] The request (id: 40, method: 'textDocument/documentSymbol') has been cancelled: Error: The request (id: 40, method: 'textDocument/documentSymbol') has been cancelled
	at /home/ghost/.vscode-oss/extensions/redhat.java-0.70.0/dist/extension.js:1:76464
	at /home/ghost/.vscode-oss/extensions/redhat.java-0.70.0/dist/extension.js:1:76758
	at Immediate.<anonymous> (/home/ghost/.vscode-oss/extensions/redhat.java-0.70.0/dist/extension.js:1:77117)
	at processImmediate (internal/timers.js:439:21)
[2020-11-19 15:05:18.334] [renderer6] [error] The request (id: 54, method: 'textDocument/documentSymbol') has been cancelled: Error: The request (id: 54, method: 'textDocument/documentSymbol') has been cancelled
	at /home/ghost/.vscode-oss/extensions/redhat.java-0.70.0/dist/extension.js:1:76464
	at /home/ghost/.vscode-oss/extensions/redhat.java-0.70.0/dist/extension.js:1:76758
	at Immediate.<anonymous> (/home/ghost/.vscode-oss/extensions/redhat.java-0.70.0/dist/extension.js:1:77117)
	at processImmediate (internal/timers.js:439:21)
[2020-11-19 15:08:07.548] [renderer6] [error] The request (id: 24, method: 'textDocument/hover') has been cancelled: Error: The request (id: 24, method: 'textDocument/hover') has been cancelled
	at /home/ghost/.vscode-oss/extensions/redhat.java-0.70.0/dist/extension.js:1:76464
	at /home/ghost/.vscode-oss/extensions/redhat.java-0.70.0/dist/extension.js:1:76758
	at Immediate.<anonymous> (/home/ghost/.vscode-oss/extensions/redhat.java-0.70.0/dist/extension.js:1:77117)
	at processImmediate (internal/timers.js:439:21)
[2020-11-19 15:08:42.824] [renderer6] [error] The request (id: 29, method: 'textDocument/hover') has been cancelled: Error: The request (id: 29, method: 'textDocument/hover') has been cancelled
	at /home/ghost/.vscode-oss/extensions/redhat.java-0.70.0/dist/extension.js:1:76464
	at /home/ghost/.vscode-oss/extensions/redhat.java-0.70.0/dist/extension.js:1:76758
	at Immediate.<anonymous> (/home/ghost/.vscode-oss/extensions/redhat.java-0.70.0/dist/extension.js:1:77117)
	at processImmediate (internal/timers.js:439:21)
[2020-11-19 15:08:58.559] [renderer6] [error] The request (id: 46, method: 'textDocument/documentSymbol') has been cancelled: Error: The request (id: 46, method: 'textDocument/documentSymbol') has been cancelled
	at /home/ghost/.vscode-oss/extensions/redhat.java-0.70.0/dist/extension.js:1:76464
	at /home/ghost/.vscode-oss/extensions/redhat.java-0.70.0/dist/extension.js:1:76758
	at Immediate.<anonymous> (/home/ghost/.vscode-oss/extensions/redhat.java-0.70.0/dist/extension.js:1:77117)
	at processImmediate (internal/timers.js:439:21)
[2020-11-19 15:09:34.132] [renderer6] [error] The request (id: 54, method: 'textDocument/hover') has been cancelled: Error: The request (id: 54, method: 'textDocument/hover') has been cancelled
	at /home/ghost/.vscode-oss/extensions/redhat.java-0.70.0/dist/extension.js:1:76464
	at /home/ghost/.vscode-oss/extensions/redhat.java-0.70.0/dist/extension.js:1:76758
	at Immediate.<anonymous> (/home/ghost/.vscode-oss/extensions/redhat.java-0.70.0/dist/extension.js:1:77117)
	at processImmediate (internal/timers.js:439:21)
[2020-11-19 15:09:37.734] [renderer6] [error] The request (id: 60, method: 'textDocument/hover') has been cancelled: Error: The request (id: 60, method: 'textDocument/hover') has been cancelled
	at /home/ghost/.vscode-oss/extensions/redhat.java-0.70.0/dist/extension.js:1:76464
	at /home/ghost/.vscode-oss/extensions/redhat.java-0.70.0/dist/extension.js:1:76758
	at Immediate.<anonymous> (/home/ghost/.vscode-oss/extensions/redhat.java-0.70.0/dist/extension.js:1:77117)
	at processImmediate (internal/timers.js:439:21)
[2020-11-19 15:09:41.624] [renderer6] [error] The request (id: 63, method: 'textDocument/documentSymbol') has been cancelled: Error: The request (id: 63, method: 'textDocument/documentSymbol') has been cancelled
	at /home/ghost/.vscode-oss/extensions/redhat.java-0.70.0/dist/extension.js:1:76464
	at /home/ghost/.vscode-oss/extensions/redhat.java-0.70.0/dist/extension.js:1:76758
	at Immediate.<anonymous> (/home/ghost/.vscode-oss/extensions/redhat.java-0.70.0/dist/extension.js:1:77117)
	at processImmediate (internal/timers.js:439:21)
[2020-11-19 15:14:35.288] [renderer6] [error] The request (id: 121, method: 'textDocument/documentSymbol') has been cancelled: Error: The request (id: 121, method: 'textDocument/documentSymbol') has been cancelled
	at /home/ghost/.vscode-oss/extensions/redhat.java-0.70.0/dist/extension.js:1:76464
	at /home/ghost/.vscode-oss/extensions/redhat.java-0.70.0/dist/extension.js:1:76758
	at Immediate.<anonymous> (/home/ghost/.vscode-oss/extensions/redhat.java-0.70.0/dist/extension.js:1:77117)
	at processImmediate (internal/timers.js:439:21)
[2020-11-19 15:14:50.145] [renderer6] [error] The request (id: 145, method: 'textDocument/hover') has been cancelled: Error: The request (id: 145, method: 'textDocument/hover') has been cancelled
	at /home/ghost/.vscode-oss/extensions/redhat.java-0.70.0/dist/extension.js:1:76464
	at /home/ghost/.vscode-oss/extensions/redhat.java-0.70.0/dist/extension.js:1:76758
	at Immediate.<anonymous> (/home/ghost/.vscode-oss/extensions/redhat.java-0.70.0/dist/extension.js:1:77117)
	at processImmediate (internal/timers.js:439:21)
[2020-11-19 15:15:00.816] [renderer6] [error] The request (id: 206, method: 'textDocument/documentSymbol') has been cancelled: Error: The request (id: 206, method: 'textDocument/documentSymbol') has been cancelled
	at /home/ghost/.vscode-oss/extensions/redhat.java-0.70.0/dist/extension.js:1:76464
	at /home/ghost/.vscode-oss/extensions/redhat.java-0.70.0/dist/extension.js:1:76758
	at Immediate.<anonymous> (/home/ghost/.vscode-oss/extensions/redhat.java-0.70.0/dist/extension.js:1:77117)
	at processImmediate (internal/timers.js:439:21)
[2020-11-19 15:15:08.643] [renderer6] [error] The request (id: 256, method: 'textDocument/documentSymbol') has been cancelled: Error: The request (id: 256, method: 'textDocument/documentSymbol') has been cancelled
	at /home/ghost/.vscode-oss/extensions/redhat.java-0.70.0/dist/extension.js:1:76464
	at /home/ghost/.vscode-oss/extensions/redhat.java-0.70.0/dist/extension.js:1:76758
	at Immediate.<anonymous> (/home/ghost/.vscode-oss/extensions/redhat.java-0.70.0/dist/extension.js:1:77117)
	at processImmediate (internal/timers.js:439:21)
[2020-11-19 15:16:58.508] [renderer6] [error] The request (id: 432, method: 'textDocument/hover') has been cancelled: Error: The request (id: 432, method: 'textDocument/hover') has been cancelled
	at /home/ghost/.vscode-oss/extensions/redhat.java-0.70.0/dist/extension.js:1:76464
	at /home/ghost/.vscode-oss/extensions/redhat.java-0.70.0/dist/extension.js:1:76758
	at Immediate.<anonymous> (/home/ghost/.vscode-oss/extensions/redhat.java-0.70.0/dist/extension.js:1:77117)
	at processImmediate (internal/timers.js:439:21)
[2020-11-19 15:17:00.005] [renderer6] [error] The request (id: 433, method: 'textDocument/hover') has been cancelled: Error: The request (id: 433, method: 'textDocument/hover') has been cancelled
	at /home/ghost/.vscode-oss/extensions/redhat.java-0.70.0/dist/extension.js:1:76464
	at /home/ghost/.vscode-oss/extensions/redhat.java-0.70.0/dist/extension.js:1:76758
	at Immediate.<anonymous> (/home/ghost/.vscode-oss/extensions/redhat.java-0.70.0/dist/extension.js:1:77117)
	at processImmediate (internal/timers.js:439:21)
[2020-11-19 15:19:04.027] [renderer6] [error] The request (id: 541, method: 'textDocument/documentSymbol') has been cancelled: Error: The request (id: 541, method: 'textDocument/documentSymbol') has been cancelled
	at /home/ghost/.vscode-oss/extensions/redhat.java-0.70.0/dist/extension.js:1:76464
	at /home/ghost/.vscode-oss/extensions/redhat.java-0.70.0/dist/extension.js:1:76758
	at Immediate.<anonymous> (/home/ghost/.vscode-oss/extensions/redhat.java-0.70.0/dist/extension.js:1:77117)
	at processImmediate (internal/timers.js:439:21)
[2020-11-19 15:19:07.508] [renderer6] [error] The request (id: 561, method: 'textDocument/documentSymbol') has been cancelled: Error: The request (id: 561, method: 'textDocument/documentSymbol') has been cancelled
	at /home/ghost/.vscode-oss/extensions/redhat.java-0.70.0/dist/extension.js:1:76464
	at /home/ghost/.vscode-oss/extensions/redhat.java-0.70.0/dist/extension.js:1:76758
	at Immediate.<anonymous> (/home/ghost/.vscode-oss/extensions/redhat.java-0.70.0/dist/extension.js:1:77117)
	at processImmediate (internal/timers.js:439:21)
[2020-11-19 15:19:10.320] [renderer6] [error] The request (id: 574, method: 'textDocument/documentSymbol') has been cancelled: Error: The request (id: 574, method: 'textDocument/documentSymbol') has been cancelled
	at /home/ghost/.vscode-oss/extensions/redhat.java-0.70.0/dist/extension.js:1:76464
	at /home/ghost/.vscode-oss/extensions/redhat.java-0.70.0/dist/extension.js:1:76758
	at Immediate.<anonymous> (/home/ghost/.vscode-oss/extensions/redhat.java-0.70.0/dist/extension.js:1:77117)
	at processImmediate (internal/timers.js:439:21)
[2020-11-19 15:19:15.910] [renderer6] [error] The request (id: 597, method: 'textDocument/documentSymbol') has been cancelled: Error: The request (id: 597, method: 'textDocument/documentSymbol') has been cancelled
	at /home/ghost/.vscode-oss/extensions/redhat.java-0.70.0/dist/extension.js:1:76464
	at /home/ghost/.vscode-oss/extensions/redhat.java-0.70.0/dist/extension.js:1:76758
	at Immediate.<anonymous> (/home/ghost/.vscode-oss/extensions/redhat.java-0.70.0/dist/extension.js:1:77117)
	at processImmediate (internal/timers.js:439:21)
[2020-11-19 15:19:56.835] [renderer6] [error] The request (id: 713, method: 'textDocument/documentSymbol') has been cancelled: Error: The request (id: 713, method: 'textDocument/documentSymbol') has been cancelled
	at /home/ghost/.vscode-oss/extensions/redhat.java-0.70.0/dist/extension.js:1:76464
	at /home/ghost/.vscode-oss/extensions/redhat.java-0.70.0/dist/extension.js:1:76758
	at Immediate.<anonymous> (/home/ghost/.vscode-oss/extensions/redhat.java-0.70.0/dist/extension.js:1:77117)
	at processImmediate (internal/timers.js:439:21)
[2020-11-19 15:20:05.617] [renderer6] [error] The request (id: 744, method: 'textDocument/documentSymbol') has been cancelled: Error: The request (id: 744, method: 'textDocument/documentSymbol') has been cancelled
	at /home/ghost/.vscode-oss/extensions/redhat.java-0.70.0/dist/extension.js:1:76464
	at /home/ghost/.vscode-oss/extensions/redhat.java-0.70.0/dist/extension.js:1:76758
	at Immediate.<anonymous> (/home/ghost/.vscode-oss/extensions/redhat.java-0.70.0/dist/extension.js:1:77117)
	at processImmediate (internal/timers.js:439:21)
[2020-11-19 15:20:21.116] [renderer6] [error] The request (id: 810, method: 'textDocument/hover') has been cancelled: Error: The request (id: 810, method: 'textDocument/hover') has been cancelled
	at /home/ghost/.vscode-oss/extensions/redhat.java-0.70.0/dist/extension.js:1:76464
	at /home/ghost/.vscode-oss/extensions/redhat.java-0.70.0/dist/extension.js:1:76758
	at Immediate.<anonymous> (/home/ghost/.vscode-oss/extensions/redhat.java-0.70.0/dist/extension.js:1:77117)
	at processImmediate (internal/timers.js:439:21)
[2020-11-19 15:20:34.496] [renderer6] [error] The request (id: 838, method: 'textDocument/documentSymbol') has been cancelled: Error: The request (id: 838, method: 'textDocument/documentSymbol') has been cancelled
	at /home/ghost/.vscode-oss/extensions/redhat.java-0.70.0/dist/extension.js:1:76464
	at /home/ghost/.vscode-oss/extensions/redhat.java-0.70.0/dist/extension.js:1:76758
	at Immediate.<anonymous> (/home/ghost/.vscode-oss/extensions/redhat.java-0.70.0/dist/extension.js:1:77117)
	at processImmediate (internal/timers.js:439:21)
[2020-11-19 15:20:36.583] [renderer6] [error] The request (id: 852, method: 'textDocument/hover') has been cancelled: Error: The request (id: 852, method: 'textDocument/hover') has been cancelled
	at /home/ghost/.vscode-oss/extensions/redhat.java-0.70.0/dist/extension.js:1:76464
	at /home/ghost/.vscode-oss/extensions/redhat.java-0.70.0/dist/extension.js:1:76758
	at Immediate.<anonymous> (/home/ghost/.vscode-oss/extensions/redhat.java-0.70.0/dist/extension.js:1:77117)
	at processImmediate (internal/timers.js:439:21)
[2020-11-19 15:34:35.568] [renderer6] [error] The request (id: 908, method: 'textDocument/hover') has been cancelled: Error: The request (id: 908, method: 'textDocument/hover') has been cancelled
	at /home/ghost/.vscode-oss/extensions/redhat.java-0.70.0/dist/extension.js:1:76464
	at /home/ghost/.vscode-oss/extensions/redhat.java-0.70.0/dist/extension.js:1:76758
	at Immediate.<anonymous> (/home/ghost/.vscode-oss/extensions/redhat.java-0.70.0/dist/extension.js:1:77117)
	at processImmediate (internal/timers.js:439:21)
[2020-11-19 15:34:35.848] [renderer6] [error] The request (id: 909, method: 'textDocument/hover') has been cancelled: Error: The request (id: 909, method: 'textDocument/hover') has been cancelled
	at /home/ghost/.vscode-oss/extensions/redhat.java-0.70.0/dist/extension.js:1:76464
	at /home/ghost/.vscode-oss/extensions/redhat.java-0.70.0/dist/extension.js:1:76758
	at Immediate.<anonymous> (/home/ghost/.vscode-oss/extensions/redhat.java-0.70.0/dist/extension.js:1:77117)
	at processImmediate (internal/timers.js:439:21)
[2020-11-19 15:34:36.577] [renderer6] [error] The request (id: 910, method: 'textDocument/hover') has been cancelled: Error: The request (id: 910, method: 'textDocument/hover') has been cancelled
	at /home/ghost/.vscode-oss/extensions/redhat.java-0.70.0/dist/extension.js:1:76464
	at /home/ghost/.vscode-oss/extensions/redhat.java-0.70.0/dist/extension.js:1:76758
	at Immediate.<anonymous> (/home/ghost/.vscode-oss/extensions/redhat.java-0.70.0/dist/extension.js:1:77117)
	at processImmediate (internal/timers.js:439:21)
[2020-11-19 15:37:51.026] [renderer6] [error] The request (id: 927, method: 'textDocument/documentSymbol') has been cancelled: Error: The request (id: 927, method: 'textDocument/documentSymbol') has been cancelled
	at /home/ghost/.vscode-oss/extensions/redhat.java-0.70.0/dist/extension.js:1:76464
	at /home/ghost/.vscode-oss/extensions/redhat.java-0.70.0/dist/extension.js:1:76758
	at Immediate.<anonymous> (/home/ghost/.vscode-oss/extensions/redhat.java-0.70.0/dist/extension.js:1:77117)
	at processImmediate (internal/timers.js:439:21)
[2020-11-19 15:38:14.957] [renderer6] [error] The request (id: 980, method: 'textDocument/documentSymbol') has been cancelled: Error: The request (id: 980, method: 'textDocument/documentSymbol') has been cancelled
	at /home/ghost/.vscode-oss/extensions/redhat.java-0.70.0/dist/extension.js:1:76464
	at /home/ghost/.vscode-oss/extensions/redhat.java-0.70.0/dist/extension.js:1:76758
	at Immediate.<anonymous> (/home/ghost/.vscode-oss/extensions/redhat.java-0.70.0/dist/extension.js:1:77117)
	at processImmediate (internal/timers.js:439:21)
[2020-11-19 15:38:21.373] [renderer6] [error] The request (id: 1006, method: 'textDocument/documentSymbol') has been cancelled: Error: The request (id: 1006, method: 'textDocument/documentSymbol') has been cancelled
	at /home/ghost/.vscode-oss/extensions/redhat.java-0.70.0/dist/extension.js:1:76464
	at /home/ghost/.vscode-oss/extensions/redhat.java-0.70.0/dist/extension.js:1:76758
	at Immediate.<anonymous> (/home/ghost/.vscode-oss/extensions/redhat.java-0.70.0/dist/extension.js:1:77117)
	at processImmediate (internal/timers.js:439:21)
[2020-11-19 15:38:51.615] [renderer6] [error] The request (id: 1088, method: 'textDocument/hover') has been cancelled: Error: The request (id: 1088, method: 'textDocument/hover') has been cancelled
	at /home/ghost/.vscode-oss/extensions/redhat.java-0.70.0/dist/extension.js:1:76464
	at /home/ghost/.vscode-oss/extensions/redhat.java-0.70.0/dist/extension.js:1:76758
	at Immediate.<anonymous> (/home/ghost/.vscode-oss/extensions/redhat.java-0.70.0/dist/extension.js:1:77117)
	at processImmediate (internal/timers.js:439:21)
[2020-11-19 15:39:17.734] [renderer6] [error] The request (id: 1228, method: 'textDocument/hover') has been cancelled: Error: The request (id: 1228, method: 'textDocument/hover') has been cancelled
	at /home/ghost/.vscode-oss/extensions/redhat.java-0.70.0/dist/extension.js:1:76464
	at /home/ghost/.vscode-oss/extensions/redhat.java-0.70.0/dist/extension.js:1:76758
	at Immediate.<anonymous> (/home/ghost/.vscode-oss/extensions/redhat.java-0.70.0/dist/extension.js:1:77117)
	at processImmediate (internal/timers.js:439:21)
[2020-11-19 15:39:22.686] [renderer6] [error] The request (id: 1235, method: 'textDocument/documentSymbol') has been cancelled: Error: The request (id: 1235, method: 'textDocument/documentSymbol') has been cancelled
	at /home/ghost/.vscode-oss/extensions/redhat.java-0.70.0/dist/extension.js:1:76464
	at /home/ghost/.vscode-oss/extensions/redhat.java-0.70.0/dist/extension.js:1:76758
	at Immediate.<anonymous> (/home/ghost/.vscode-oss/extensions/redhat.java-0.70.0/dist/extension.js:1:77117)
	at processImmediate (internal/timers.js:439:21)
[2020-11-19 15:39:29.592] [renderer6] [error] The request (id: 1259, method: 'textDocument/documentSymbol') has been cancelled: Error: The request (id: 1259, method: 'textDocument/documentSymbol') has been cancelled
	at /home/ghost/.vscode-oss/extensions/redhat.java-0.70.0/dist/extension.js:1:76464
	at /home/ghost/.vscode-oss/extensions/redhat.java-0.70.0/dist/extension.js:1:76758
	at Immediate.<anonymous> (/home/ghost/.vscode-oss/extensions/redhat.java-0.70.0/dist/extension.js:1:77117)
	at processImmediate (internal/timers.js:439:21)
[2020-11-19 15:39:36.555] [renderer6] [error] The request (id: 1289, method: 'textDocument/hover') has been cancelled: Error: The request (id: 1289, method: 'textDocument/hover') has been cancelled
	at /home/ghost/.vscode-oss/extensions/redhat.java-0.70.0/dist/extension.js:1:76464
	at /home/ghost/.vscode-oss/extensions/redhat.java-0.70.0/dist/extension.js:1:76758
	at Immediate.<anonymous> (/home/ghost/.vscode-oss/extensions/redhat.java-0.70.0/dist/extension.js:1:77117)
	at processImmediate (internal/timers.js:439:21)
[2020-11-19 15:39:39.947] [renderer6] [error] The request (id: 1312, method: 'textDocument/hover') has been cancelled: Error: The request (id: 1312, method: 'textDocument/hover') has been cancelled
	at /home/ghost/.vscode-oss/extensions/redhat.java-0.70.0/dist/extension.js:1:76464
	at /home/ghost/.vscode-oss/extensions/redhat.java-0.70.0/dist/extension.js:1:76758
	at Immediate.<anonymous> (/home/ghost/.vscode-oss/extensions/redhat.java-0.70.0/dist/extension.js:1:77117)
	at processImmediate (internal/timers.js:439:21)
[2020-11-19 15:39:41.320] [renderer6] [error] The request (id: 1331, method: 'textDocument/hover') has been cancelled: Error: The request (id: 1331, method: 'textDocument/hover') has been cancelled
	at /home/ghost/.vscode-oss/extensions/redhat.java-0.70.0/dist/extension.js:1:76464
	at /home/ghost/.vscode-oss/extensions/redhat.java-0.70.0/dist/extension.js:1:76758
	at Immediate.<anonymous> (/home/ghost/.vscode-oss/extensions/redhat.java-0.70.0/dist/extension.js:1:77117)
	at processImmediate (internal/timers.js:439:21)
[2020-11-19 15:39:45.259] [renderer6] [error] The request (id: 1360, method: 'textDocument/hover') has been cancelled: Error: The request (id: 1360, method: 'textDocument/hover') has been cancelled
	at /home/ghost/.vscode-oss/extensions/redhat.java-0.70.0/dist/extension.js:1:76464
	at /home/ghost/.vscode-oss/extensions/redhat.java-0.70.0/dist/extension.js:1:76758
	at Immediate.<anonymous> (/home/ghost/.vscode-oss/extensions/redhat.java-0.70.0/dist/extension.js:1:77117)
	at processImmediate (internal/timers.js:439:21)
[2020-11-19 15:41:43.338] [renderer6] [error] The request (id: 1441, method: 'textDocument/hover') has been cancelled: Error: The request (id: 1441, method: 'textDocument/hover') has been cancelled
	at /home/ghost/.vscode-oss/extensions/redhat.java-0.70.0/dist/extension.js:1:76464
	at /home/ghost/.vscode-oss/extensions/redhat.java-0.70.0/dist/extension.js:1:76758
	at Immediate.<anonymous> (/home/ghost/.vscode-oss/extensions/redhat.java-0.70.0/dist/extension.js:1:77117)
	at processImmediate (internal/timers.js:439:21)
[2020-11-19 15:41:43.502] [renderer6] [error] The request (id: 1442, method: 'textDocument/hover') has been cancelled: Error: The request (id: 1442, method: 'textDocument/hover') has been cancelled
	at /home/ghost/.vscode-oss/extensions/redhat.java-0.70.0/dist/extension.js:1:76464
	at /home/ghost/.vscode-oss/extensions/redhat.java-0.70.0/dist/extension.js:1:76758
	at Immediate.<anonymous> (/home/ghost/.vscode-oss/extensions/redhat.java-0.70.0/dist/extension.js:1:77117)
	at processImmediate (internal/timers.js:439:21)
[2020-11-19 15:41:45.962] [renderer6] [error] The request (id: 1453, method: 'textDocument/hover') has been cancelled: Error: The request (id: 1453, method: 'textDocument/hover') has been cancelled
	at /home/ghost/.vscode-oss/extensions/redhat.java-0.70.0/dist/extension.js:1:76464
	at /home/ghost/.vscode-oss/extensions/redhat.java-0.70.0/dist/extension.js:1:76758
	at Immediate.<anonymous> (/home/ghost/.vscode-oss/extensions/redhat.java-0.70.0/dist/extension.js:1:77117)
	at processImmediate (internal/timers.js:439:21)
[2020-11-19 15:41:48.991] [renderer6] [error] The request (id: 1460, method: 'textDocument/hover') has been cancelled: Error: The request (id: 1460, method: 'textDocument/hover') has been cancelled
	at /home/ghost/.vscode-oss/extensions/redhat.java-0.70.0/dist/extension.js:1:76464
	at /home/ghost/.vscode-oss/extensions/redhat.java-0.70.0/dist/extension.js:1:76758
	at Immediate.<anonymous> (/home/ghost/.vscode-oss/extensions/redhat.java-0.70.0/dist/extension.js:1:77117)
	at processImmediate (internal/timers.js:439:21)
[2020-11-19 15:41:52.204] [renderer6] [error] The request (id: 1472, method: 'textDocument/hover') has been cancelled: Error: The request (id: 1472, method: 'textDocument/hover') has been cancelled
	at /home/ghost/.vscode-oss/extensions/redhat.java-0.70.0/dist/extension.js:1:76464
	at /home/ghost/.vscode-oss/extensions/redhat.java-0.70.0/dist/extension.js:1:76758
	at Immediate.<anonymous> (/home/ghost/.vscode-oss/extensions/redhat.java-0.70.0/dist/extension.js:1:77117)
	at processImmediate (internal/timers.js:439:21)
[2020-11-19 15:41:52.525] [renderer6] [error] The request (id: 1473, method: 'textDocument/hover') has been cancelled: Error: The request (id: 1473, method: 'textDocument/hover') has been cancelled
	at /home/ghost/.vscode-oss/extensions/redhat.java-0.70.0/dist/extension.js:1:76464
	at /home/ghost/.vscode-oss/extensions/redhat.java-0.70.0/dist/extension.js:1:76758
	at Immediate.<anonymous> (/home/ghost/.vscode-oss/extensions/redhat.java-0.70.0/dist/extension.js:1:77117)
	at processImmediate (internal/timers.js:439:21)
[2020-11-19 15:45:11.351] [renderer6] [error] The request (id: 1520, method: 'textDocument/hover') has been cancelled: Error: The request (id: 1520, method: 'textDocument/hover') has been cancelled
	at /home/ghost/.vscode-oss/extensions/redhat.java-0.70.0/dist/extension.js:1:76464
	at /home/ghost/.vscode-oss/extensions/redhat.java-0.70.0/dist/extension.js:1:76758
	at Immediate.<anonymous> (/home/ghost/.vscode-oss/extensions/redhat.java-0.70.0/dist/extension.js:1:77117)
	at processImmediate (internal/timers.js:439:21)
[2020-11-19 15:50:02.946] [renderer6] [error] The request (id: 1555, method: 'textDocument/hover') has been cancelled: Error: The request (id: 1555, method: 'textDocument/hover') has been cancelled
	at /home/ghost/.vscode-oss/extensions/redhat.java-0.70.0/dist/extension.js:1:76464
	at /home/ghost/.vscode-oss/extensions/redhat.java-0.70.0/dist/extension.js:1:76758
	at Immediate.<anonymous> (/home/ghost/.vscode-oss/extensions/redhat.java-0.70.0/dist/extension.js:1:77117)
	at processImmediate (internal/timers.js:439:21)
