00:00:00.382342 VirtualBox GUI VM Selector Window 6.1.16 r140961 linux.amd64 (Oct 20 2020 18:52:28) release log
00:00:00.382344 Log opened 2020-11-15T15:18:03.981371000Z
00:00:00.382345 Build Type: release
00:00:00.382347 OS Product: Linux
00:00:00.382348 OS Release: 5.8.18-1-MANJARO
00:00:00.382349 OS Version: #1 SMP PREEMPT Sun Nov 1 14:10:04 UTC 2020
00:00:00.382366 DMI Product Name: System Product Name
00:00:00.382373 DMI Product Version: System Version
00:00:00.382380 Firmware type: BIOS
00:00:00.382413 Host RAM: 15937MB (15.5GB) total, 13262MB (12.9GB) available
00:00:00.382415 Executable: /usr/lib/virtualbox/VirtualBox
00:00:00.382416 Process ID: 6645
00:00:00.382416 Package type: LINUX_64BITS_GENERIC (OSE)
00:00:00.382438 Qt version: 5.15.1
00:00:00.407888 GUI: UIMediumEnumerator: Medium-enumeration started...
00:00:00.407914 GUI: UIMediumEnumerator: Medium-enumeration finished!
00:00:00.973920 GUI: UIDesktopWidgetWatchdog::sltHandleHostScreenAvailableGeometryCalculated: Screen 0 work area is actually resized to: 2x0 x 2558x1440
00:00:00.986715 GUI: UIDesktopWidgetWatchdog::sltHandleHostScreenAvailableGeometryCalculated: Screen 1 work area is actually resized to: 2560x0 x 1920x1080
00:00:27.728202 GUI: UIMediumEnumerator: Medium with key={{ebcef726-f341-497a-acc5-951829338606}} created
00:00:27.885762 GUI: UIMediumEnumerator: Medium-enumeration finished!
00:00:46.704094 GUI: UIMediumEnumerator: Medium with key={{ead2d179-3163-42e1-8aea-56edd116f801}} created
00:00:46.733117 GUI: UIMediumEnumerator: Medium-enumeration finished!
00:00:49.290575 GUI: UIMediumEnumerator: Medium-enumeration finished!
00:01:03.375337 ERROR [COM]: aRC=NS_ERROR_UNEXPECTED (0x8000ffff) aIID={c0447716-ff5a-4795-b57a-ecd5fffa18a4} aComponent={SessionWrap} aText={The session is not locked (session state: Unlocked)}, preserve=false aResultDetail=0
00:01:38.735411 GUI: UIMediumEnumerator: Medium-enumeration finished!
00:01:44.178641 ERROR [COM]: aRC=NS_ERROR_UNEXPECTED (0x8000ffff) aIID={c0447716-ff5a-4795-b57a-ecd5fffa18a4} aComponent={SessionWrap} aText={The session is not locked (session state: Unlocked)}, preserve=false aResultDetail=0
