Looking for git in: git
Using git 2.29.2 from git
> git rev-parse --git-dir
Open repository: /home/ghost/.config/awesome
> git status -z -u
> git symbolic-ref --short HEAD
> git rev-parse master
> git rev-parse --symbolic-full-name master@{u}
> git rev-list --left-right master...refs/remotes/origin/master
> git for-each-ref --sort -committerdate --format %(refname) %(objectname)
> git remote --verbose
> git config --get commit.template
> git show --textconv :themes/nord/theme.lua
> git ls-files --stage -- /home/ghost/.config/awesome/themes/nord/theme.lua
> git cat-file -s ff9c2ed5e8d9430f0bfe2dfb750465d637db4486
> git check-ignore -v -z --stdin
> git show --textconv :rc.lua
> git ls-files --stage -- /home/ghost/.config/awesome/rc.lua
> git cat-file -s 3b8facb213d8b105d7ca8a8c6d55199f05c5696e
> git show --textconv :themes/nord/theme.lua
> git ls-files --stage -- /home/ghost/.config/awesome/themes/nord/theme.lua
> git cat-file -s ff9c2ed5e8d9430f0bfe2dfb750465d637db4486
> git show --textconv :rc.lua
> git ls-files --stage -- /home/ghost/.config/awesome/rc.lua
> git cat-file -s 3b8facb213d8b105d7ca8a8c6d55199f05c5696e
